<?xml version="1.0" encoding="UTF-8"?>
<!-- Generated by org.testng.reporters.JUnitReportReporter -->
<testsuite skipped="0" hostname="Basu-PC" name="MyRunner.TestRunner" tests="1" failures="0" timestamp="2019-10-11T18:13:44 IST" time="0.118" errors="0">
  <testcase name="feature" time="0.118" classname="MyRunner.TestRunner"/>
</testsuite> <!-- MyRunner.TestRunner -->
